<?xml version="1.0" encoding="UTF-8"?>
<testng-results skipped="1" failed="0" total="1" passed="0">
  <reporter-output>
  </reporter-output>
  <suite name="Default suite" duration-ms="47" started-at="2017-05-14T11:02:36Z" finished-at="2017-05-14T11:02:36Z">
    <groups>
    </groups>
    <test name="Default test" duration-ms="47" started-at="2017-05-14T11:02:36Z" finished-at="2017-05-14T11:02:36Z">
      <class name="base.Testcase">
        <test-method status="FAIL" signature="beforeMet(java.lang.String)[pri:0, instance:base.Testcase@13c78c0b]" name="beforeMet" is-config="true" duration-ms="0" started-at="2017-05-14T16:32:36Z" finished-at="2017-05-14T16:32:36Z">
          <exception class="org.testng.TestNGException">
            <message>
              <![CDATA[
Parameter 'browser' is required by @Configuration on method beforeMet but has not been marked @Optional or defined
in C:\Users\Mohit Prakash\AppData\Local\Temp\testng-eclipse--2060857729\testng-customsuite.xml]]>
            </message>
            <full-stacktrace>
              <![CDATA[org.testng.TestNGException: 
Parameter 'browser' is required by @Configuration on method beforeMet but has not been marked @Optional or defined
in C:\Users\Mohit Prakash\AppData\Local\Temp\testng-eclipse--2060857729\testng-customsuite.xml
	at org.testng.internal.Parameters.createParameters(Parameters.java:155)
	at org.testng.internal.Parameters.createParameters(Parameters.java:358)
	at org.testng.internal.Parameters.createConfigurationParameters(Parameters.java:86)
	at org.testng.internal.Invoker.invokeConfigurations(Invoker.java:199)
	at org.testng.internal.Invoker.invokeMethod(Invoker.java:653)
	at org.testng.internal.Invoker.invokeTestMethod(Invoker.java:901)
	at org.testng.internal.Invoker.invokeTestMethods(Invoker.java:1231)
	at org.testng.internal.TestMethodWorker.invokeTestMethods(TestMethodWorker.java:127)
	at org.testng.internal.TestMethodWorker.run(TestMethodWorker.java:111)
	at org.testng.TestRunner.privateRun(TestRunner.java:767)
	at org.testng.TestRunner.run(TestRunner.java:617)
	at org.testng.SuiteRunner.runTest(SuiteRunner.java:334)
	at org.testng.SuiteRunner.runSequentially(SuiteRunner.java:329)
	at org.testng.SuiteRunner.privateRun(SuiteRunner.java:291)
	at org.testng.SuiteRunner.run(SuiteRunner.java:240)
	at org.testng.SuiteRunnerWorker.runSuite(SuiteRunnerWorker.java:52)
	at org.testng.SuiteRunnerWorker.run(SuiteRunnerWorker.java:86)
	at org.testng.TestNG.runSuitesSequentially(TestNG.java:1224)
	at org.testng.TestNG.runSuitesLocally(TestNG.java:1149)
	at org.testng.TestNG.run(TestNG.java:1057)
	at org.testng.remote.AbstractRemoteTestNG.run(AbstractRemoteTestNG.java:132)
	at org.testng.remote.RemoteTestNG.initAndRun(RemoteTestNG.java:236)
	at org.testng.remote.RemoteTestNG.main(RemoteTestNG.java:81)
]]>
            </full-stacktrace>
          </exception> <!-- org.testng.TestNGException -->
          <reporter-output>
          </reporter-output>
        </test-method> <!-- beforeMet -->
        <test-method status="SKIP" signature="testCase()[pri:0, instance:base.Testcase@13c78c0b]" name="testCase" duration-ms="9" started-at="2017-05-14T16:32:36Z" finished-at="2017-05-14T16:32:36Z">
          <reporter-output>
          </reporter-output>
        </test-method> <!-- testCase -->
        <test-method status="SKIP" signature="aftermethod()[pri:0, instance:base.Testcase@13c78c0b]" name="aftermethod" is-config="true" duration-ms="0" started-at="2017-05-14T16:32:36Z" finished-at="2017-05-14T16:32:36Z">
          <reporter-output>
          </reporter-output>
        </test-method> <!-- aftermethod -->
      </class> <!-- base.Testcase -->
    </test> <!-- Default test -->
  </suite> <!-- Default suite -->
</testng-results>
